c:\git\niswgsp\stitch_nis\stitch_nis\x64\debug\vc140.pdb
c:\git\niswgsp\stitch_nis\stitch_nis\x64\debug\vc140.idb
c:\git\niswgsp\stitch_nis\stitch_nis\x64\debug\colormap.obj
c:\git\niswgsp\stitch_nis\stitch_nis\x64\debug\errorcontroller.obj
c:\git\niswgsp\stitch_nis\stitch_nis\x64\debug\imagedebugger.obj
c:\git\niswgsp\stitch_nis\stitch_nis\x64\debug\timecalculator.obj
c:\git\niswgsp\stitch_nis\stitch_nis\x64\debug\featurecontroller.obj
c:\git\niswgsp\stitch_nis\stitch_nis\x64\debug\imagedata.obj
c:\git\niswgsp\stitch_nis\stitch_nis\x64\debug\multiimages.obj
c:\git\niswgsp\stitch_nis\stitch_nis\x64\debug\main.obj
c:\git\niswgsp\stitch_nis\stitch_nis\x64\debug\mesh2d.obj
c:\git\niswgsp\stitch_nis\stitch_nis\x64\debug\meshgrid.obj
c:\git\niswgsp\stitch_nis\stitch_nis\x64\debug\meshoptimization.obj
c:\git\niswgsp\stitch_nis\stitch_nis\x64\debug\apap_stitching.obj
c:\git\niswgsp\stitch_nis\stitch_nis\x64\debug\niswgsp_stitching.obj
c:\git\niswgsp\stitch_nis\stitch_nis\x64\debug\parameter.obj
c:\git\niswgsp\stitch_nis\stitch_nis\x64\debug\blending.obj
c:\git\niswgsp\stitch_nis\stitch_nis\x64\debug\inputparser.obj
c:\git\niswgsp\stitch_nis\stitch_nis\x64\debug\statistics.obj
c:\git\niswgsp\stitch_nis\stitch_nis\x64\debug\transform.obj
c:\git\niswgsp\stitch_nis\x64\debug\stitch_nis.pdb
c:\git\niswgsp\stitch_nis\stitch_nis\x64\debug\stitch_nis.tlog\cl.command.1.tlog
c:\git\niswgsp\stitch_nis\stitch_nis\x64\debug\stitch_nis.tlog\cl.read.1.tlog
c:\git\niswgsp\stitch_nis\stitch_nis\x64\debug\stitch_nis.tlog\cl.write.1.tlog
c:\git\niswgsp\stitch_nis\stitch_nis\x64\debug\stitch_nis.tlog\link-cvtres.read.1.tlog
c:\git\niswgsp\stitch_nis\stitch_nis\x64\debug\stitch_nis.tlog\link-cvtres.write.1.tlog
c:\git\niswgsp\stitch_nis\stitch_nis\x64\debug\stitch_nis.tlog\link-rc.read.1.tlog
c:\git\niswgsp\stitch_nis\stitch_nis\x64\debug\stitch_nis.tlog\link-rc.write.1.tlog
c:\git\niswgsp\stitch_nis\stitch_nis\x64\debug\stitch_nis.tlog\link.command.1.tlog
c:\git\niswgsp\stitch_nis\stitch_nis\x64\debug\stitch_nis.tlog\link.read.1.tlog
c:\git\niswgsp\stitch_nis\stitch_nis\x64\debug\stitch_nis.tlog\link.write.1.tlog
