  ImageDebugger.cpp
c:\git\niswgsp\stitch_nis\stitch_nis\debugger\imagedebugger.cpp(42): warning C4244: 'argument': conversion from 'const int' to 'float', possible loss of data
c:\git\niswgsp\stitch_nis\stitch_nis\debugger\imagedebugger.cpp(43): warning C4244: 'argument': conversion from 'const int' to 'float', possible loss of data
  Generating Code...
  Compiling...
  main.cpp
  Transform.cpp
c:\git\niswgsp\stitch_nis\stitch_nis\util\transform.cpp(76): warning C4244: '=': conversion from 'double' to 'float', possible loss of data
  c:\git\niswgsp\stitch_nis\stitch_nis\util\transform.cpp(219): note: see reference to function template instantiation 'float normalizeAngle<float>(float)' being compiled
c:\git\niswgsp\stitch_nis\stitch_nis\util\transform.cpp(87): warning C4244: 'argument': conversion from 'double' to 'float', possible loss of data
  c:\git\niswgsp\stitch_nis\stitch_nis\util\transform.cpp(222): note: see reference to function template instantiation 'cv::Point_<float> applyTransform3x3<float>(float,float,const cv::Mat &)' being compiled
c:\git\niswgsp\stitch_nis\stitch_nis\util\transform.cpp(93): warning C4244: 'argument': conversion from 'double' to 'float', possible loss of data
  c:\git\niswgsp\stitch_nis\stitch_nis\util\transform.cpp(225): note: see reference to function template instantiation 'cv::Point_<float> applyTransform2x3<float>(float,float,const cv::Mat &)' being compiled
c:\git\niswgsp\stitch_nis\stitch_nis\util\transform.cpp(98): warning C4244: 'initializing': conversion from 'std::numeric_limits<float>::_Ty' to 'int', possible loss of data
  c:\git\niswgsp\stitch_nis\stitch_nis\util\transform.cpp(228): note: see reference to function template instantiation 'cv::Size_<int> normalizeVertices<int>(std::vector<std::vector<cv::Point,std::allocator<_Ty>>,std::allocator<std::vector<_Ty,std::allocator<_Ty>>>> &)' being compiled
          with
          [
              _Ty=cv::Point
          ]
c:\git\niswgsp\stitch_nis\stitch_nis\util\transform.cpp(98): warning C4056: overflow in floating-point constant arithmetic
c:\git\niswgsp\stitch_nis\stitch_nis\util\transform.cpp(99): warning C4244: 'initializing': conversion from 'std::numeric_limits<float>::_Ty' to 'int', possible loss of data
c:\git\niswgsp\stitch_nis\stitch_nis\util\transform.cpp(99): warning C4056: overflow in floating-point constant arithmetic
c:\git\niswgsp\stitch_nis\stitch_nis\util\transform.cpp(173): warning C4305: '=': truncation from 'double' to 'float'
  c:\git\niswgsp\stitch_nis\stitch_nis\util\transform.cpp(242): note: see reference to function template instantiation 'cv::Vec<float,3> getEulerZXYRadians<float>(const cv::Mat_<float> &)' being compiled
c:\git\niswgsp\stitch_nis\stitch_nis\util\transform.cpp(178): warning C4305: '=': truncation from 'double' to 'float'
c:\program files (x86)\microsoft visual studio 14.0\vc\include\xmemory0(655): warning C4244: 'argument': conversion from 'double' to 'float', possible loss of data
  c:\program files (x86)\microsoft visual studio 14.0\vc\include\xmemory0(773): note: see reference to function template instantiation 'void std::allocator<_Ty>::construct<_Objty,double,double>(_Objty *,double &&,double &&)' being compiled
          with
          [
              _Ty=cv::Point2f,
              _Objty=cv::Point_<float>
          ]
  c:\program files (x86)\microsoft visual studio 14.0\vc\include\xmemory0(773): note: see reference to function template instantiation 'void std::allocator<_Ty>::construct<_Objty,double,double>(_Objty *,double &&,double &&)' being compiled
          with
          [
              _Ty=cv::Point2f,
              _Objty=cv::Point_<float>
          ]
  c:\program files (x86)\microsoft visual studio 14.0\vc\include\xmemory0(918): note: see reference to function template instantiation 'void std::allocator_traits<_Alloc>::construct<_Ty,double,double>(std::allocator<_Ty> &,_Objty *,double &&,double &&)' being compiled
          with
          [
              _Alloc=std::allocator<cv::Point2f>,
              _Ty=cv::Point_<float>,
              _Objty=cv::Point_<float>
          ]
  c:\program files (x86)\microsoft visual studio 14.0\vc\include\xmemory0(917): note: see reference to function template instantiation 'void std::allocator_traits<_Alloc>::construct<_Ty,double,double>(std::allocator<_Ty> &,_Objty *,double &&,double &&)' being compiled
          with
          [
              _Alloc=std::allocator<cv::Point2f>,
              _Ty=cv::Point_<float>,
              _Objty=cv::Point_<float>
          ]
  c:\program files (x86)\microsoft visual studio 14.0\vc\include\vector(929): note: see reference to function template instantiation 'void std::_Wrap_alloc<std::allocator<_Ty>>::construct<cv::Point_<float>,double,double>(_Ty *,double &&,double &&)' being compiled
          with
          [
              _Ty=cv::Point2f
          ]
  c:\program files (x86)\microsoft visual studio 14.0\vc\include\vector(928): note: see reference to function template instantiation 'void std::_Wrap_alloc<std::allocator<_Ty>>::construct<cv::Point_<float>,double,double>(_Ty *,double &&,double &&)' being compiled
          with
          [
              _Ty=cv::Point2f
          ]
  c:\git\niswgsp\stitch_nis\stitch_nis\util\transform.cpp(68): note: see reference to function template instantiation 'void std::vector<cv::Point2f,std::allocator<_Ty>>::emplace_back<_Tp,_Tp>(_Tp &&,_Tp &&)' being compiled
          with
          [
              _Ty=cv::Point2f,
              _Tp=double
          ]
  c:\git\niswgsp\stitch_nis\stitch_nis\util\transform.cpp(67): note: see reference to function template instantiation 'void std::vector<cv::Point2f,std::allocator<_Ty>>::emplace_back<_Tp,_Tp>(_Tp &&,_Tp &&)' being compiled
          with
          [
              _Ty=cv::Point2f,
              _Tp=double
          ]
  Blending.cpp
c:\git\niswgsp\stitch_nis\stitch_nis\util\blending.cpp(16): warning C4244: '=': conversion from 'int' to 'float', possible loss of data
c:\git\niswgsp\stitch_nis\stitch_nis\util\blending.cpp(37): warning C4244: 'argument': conversion from 'float' to 'int', possible loss of data
c:\git\niswgsp\stitch_nis\stitch_nis\util\blending.cpp(50): warning C4244: 'argument': conversion from 'float' to 'int', possible loss of data
c:\git\niswgsp\stitch_nis\stitch_nis\util\blending.cpp(69): warning C4244: 'argument': conversion from 'float' to 'uchar', possible loss of data
  Parameter.cpp
c:\git\niswgsp\stitch_nis\stitch_nis\stitching\parameter.cpp(56): warning C4996: 'mkdir': The POSIX name for this item is deprecated. Instead, use the ISO C and C++ conformant name: _mkdir. See online help for details.
  c:\program files (x86)\windows kits\10\include\10.0.10240.0\ucrt\direct.h(108): note: see declaration of 'mkdir'
c:\git\niswgsp\stitch_nis\stitch_nis\stitching\parameter.cpp(59): warning C4996: 'mkdir': The POSIX name for this item is deprecated. Instead, use the ISO C and C++ conformant name: _mkdir. See online help for details.
  c:\program files (x86)\windows kits\10\include\10.0.10240.0\ucrt\direct.h(108): note: see declaration of 'mkdir'
c:\git\niswgsp\stitch_nis\stitch_nis\stitching\parameter.cpp(60): warning C4996: 'mkdir': The POSIX name for this item is deprecated. Instead, use the ISO C and C++ conformant name: _mkdir. See online help for details.
  c:\program files (x86)\windows kits\10\include\10.0.10240.0\ucrt\direct.h(108): note: see declaration of 'mkdir'
  NISwGSP_Stitching.cpp
  APAP_Stitching.cpp
c:\program files (x86)\microsoft visual studio 14.0\vc\include\xmemory0(655): warning C4244: 'argument': conversion from 'double' to 'float', possible loss of data
  c:\program files (x86)\microsoft visual studio 14.0\vc\include\xmemory0(773): note: see reference to function template instantiation 'void std::allocator<_Ty>::construct<_Objty,double,double>(_Objty *,double &&,double &&)' being compiled
          with
          [
              _Ty=cv::Point2f,
              _Objty=cv::Point_<float>
          ]
  c:\program files (x86)\microsoft visual studio 14.0\vc\include\xmemory0(773): note: see reference to function template instantiation 'void std::allocator<_Ty>::construct<_Objty,double,double>(_Objty *,double &&,double &&)' being compiled
          with
          [
              _Ty=cv::Point2f,
              _Objty=cv::Point_<float>
          ]
  c:\program files (x86)\microsoft visual studio 14.0\vc\include\xmemory0(918): note: see reference to function template instantiation 'void std::allocator_traits<_Alloc>::construct<_Ty,double,double>(std::allocator<_Ty> &,_Objty *,double &&,double &&)' being compiled
          with
          [
              _Alloc=std::allocator<cv::Point2f>,
              _Ty=cv::Point_<float>,
              _Objty=cv::Point_<float>
          ]
  c:\program files (x86)\microsoft visual studio 14.0\vc\include\xmemory0(917): note: see reference to function template instantiation 'void std::allocator_traits<_Alloc>::construct<_Ty,double,double>(std::allocator<_Ty> &,_Objty *,double &&,double &&)' being compiled
          with
          [
              _Alloc=std::allocator<cv::Point2f>,
              _Ty=cv::Point_<float>,
              _Objty=cv::Point_<float>
          ]
  c:\program files (x86)\microsoft visual studio 14.0\vc\include\vector(929): note: see reference to function template instantiation 'void std::_Wrap_alloc<std::allocator<_Ty>>::construct<cv::Point_<float>,double,double>(_Ty *,double &&,double &&)' being compiled
          with
          [
              _Ty=cv::Point2f
          ]
  c:\program files (x86)\microsoft visual studio 14.0\vc\include\vector(928): note: see reference to function template instantiation 'void std::_Wrap_alloc<std::allocator<_Ty>>::construct<cv::Point_<float>,double,double>(_Ty *,double &&,double &&)' being compiled
          with
          [
              _Ty=cv::Point2f
          ]
  c:\git\niswgsp\stitch_nis\stitch_nis\stitching\apap_stitching.cpp(26): note: see reference to function template instantiation 'void std::vector<cv::Point2f,std::allocator<_Ty>>::emplace_back<_Tp,_Tp>(_Tp &&,_Tp &&)' being compiled
          with
          [
              _Ty=cv::Point2f,
              _Tp=double
          ]
  c:\git\niswgsp\stitch_nis\stitch_nis\stitching\apap_stitching.cpp(25): note: see reference to function template instantiation 'void std::vector<cv::Point2f,std::allocator<_Ty>>::emplace_back<_Tp,_Tp>(_Tp &&,_Tp &&)' being compiled
          with
          [
              _Ty=cv::Point2f,
              _Tp=double
          ]
  MeshOptimization.cpp
c:\git\niswgsp\stitch_nis\stitch_nis\mesh\meshoptimization.cpp(65): warning C4800: 'double': forcing value to bool 'true' or 'false' (performance warning)
c:\git\niswgsp\stitch_nis\stitch_nis\mesh\meshoptimization.cpp(66): warning C4800: 'double': forcing value to bool 'true' or 'false' (performance warning)
c:\git\niswgsp\stitch_nis\stitch_nis\mesh\meshoptimization.cpp(134): warning C4800: 'const int': forcing value to bool 'true' or 'false' (performance warning)
c:\git\niswgsp\stitch_nis\stitch_nis\mesh\meshoptimization.cpp(135): warning C4800: 'const int': forcing value to bool 'true' or 'false' (performance warning)
c:\git\niswgsp\stitch_nis\stitch_nis\mesh\meshoptimization.cpp(247): warning C4267: '+=': conversion from 'size_t' to 'int', possible loss of data
c:\git\niswgsp\stitch_nis\stitch_nis\mesh\meshoptimization.cpp(255): warning C4267: '+=': conversion from 'size_t' to 'int', possible loss of data
c:\git\niswgsp\stitch_nis\stitch_nis\mesh\meshoptimization.cpp(263): warning C4267: '+=': conversion from 'size_t' to 'int', possible loss of data
c:\git\niswgsp\stitch_nis\stitch_nis\mesh\meshoptimization.cpp(275): warning C4267: '+=': conversion from 'size_t' to 'int', possible loss of data
c:\git\niswgsp\stitch_nis\stitch_nis\mesh\meshoptimization.cpp(278): warning C4267: '-=': conversion from 'size_t' to 'int', possible loss of data
c:\program files (x86)\microsoft visual studio 14.0\vc\include\xmemory0(655): warning C4244: 'argument': conversion from 'double' to 'float', possible loss of data
  c:\program files (x86)\microsoft visual studio 14.0\vc\include\xmemory0(773): note: see reference to function template instantiation 'void std::allocator<_Ty>::construct<_Objty,double&,double&>(_Objty *,double &,double &)' being compiled
          with
          [
              _Ty=cv::Point2f,
              _Objty=cv::Point_<float>
          ]
  c:\program files (x86)\microsoft visual studio 14.0\vc\include\xmemory0(773): note: see reference to function template instantiation 'void std::allocator<_Ty>::construct<_Objty,double&,double&>(_Objty *,double &,double &)' being compiled
          with
          [
              _Ty=cv::Point2f,
              _Objty=cv::Point_<float>
          ]
  c:\program files (x86)\microsoft visual studio 14.0\vc\include\xmemory0(918): note: see reference to function template instantiation 'void std::allocator_traits<_Alloc>::construct<_Ty,double&,double&>(std::allocator<_Ty> &,_Objty *,double &,double &)' being compiled
          with
          [
              _Alloc=std::allocator<cv::Point2f>,
              _Ty=cv::Point_<float>,
              _Objty=cv::Point_<float>
          ]
  c:\program files (x86)\microsoft visual studio 14.0\vc\include\xmemory0(917): note: see reference to function template instantiation 'void std::allocator_traits<_Alloc>::construct<_Ty,double&,double&>(std::allocator<_Ty> &,_Objty *,double &,double &)' being compiled
          with
          [
              _Alloc=std::allocator<cv::Point2f>,
              _Ty=cv::Point_<float>,
              _Objty=cv::Point_<float>
          ]
  c:\program files (x86)\microsoft visual studio 14.0\vc\include\vector(929): note: see reference to function template instantiation 'void std::_Wrap_alloc<std::allocator<_Ty>>::construct<cv::Point_<float>,double&,double&>(_Ty *,double &,double &)' being compiled
          with
          [
              _Ty=cv::Point2f
          ]
  c:\program files (x86)\microsoft visual studio 14.0\vc\include\vector(928): note: see reference to function template instantiation 'void std::_Wrap_alloc<std::allocator<_Ty>>::construct<cv::Point_<float>,double&,double&>(_Ty *,double &,double &)' being compiled
          with
          [
              _Ty=cv::Point2f
          ]
  c:\git\niswgsp\stitch_nis\stitch_nis\mesh\meshoptimization.cpp(319): note: see reference to function template instantiation 'void std::vector<cv::Point2f,std::allocator<_Ty>>::emplace_back<double&,double&>(double &,double &)' being compiled
          with
          [
              _Ty=cv::Point2f
          ]
  c:\git\niswgsp\stitch_nis\stitch_nis\mesh\meshoptimization.cpp(318): note: see reference to function template instantiation 'void std::vector<cv::Point2f,std::allocator<_Ty>>::emplace_back<double&,double&>(double &,double &)' being compiled
          with
          [
              _Ty=cv::Point2f
          ]
  MeshGrid.cpp
c:\git\niswgsp\stitch_nis\stitch_nis\mesh\meshgrid.cpp(250): warning C4244: 'argument': conversion from 'double' to 'float', possible loss of data
  c:\git\niswgsp\stitch_nis\stitch_nis\mesh\meshgrid.cpp(265): note: see reference to function template instantiation 'InterpolateVertex MeshGrid::getInterpolateVertexTemplate<double>(const cv::Point_<double> &) const' being compiled
c:\program files (x86)\microsoft visual studio 14.0\vc\include\xmemory0(655): warning C4244: 'argument': conversion from 'double' to 'float', possible loss of data
  c:\program files (x86)\microsoft visual studio 14.0\vc\include\xmemory0(773): note: see reference to function template instantiation 'void std::allocator<_Ty>::construct<_Objty,double,double>(_Objty *,double &&,double &&)' being compiled
          with
          [
              _Ty=cv::Point2f,
              _Objty=cv::Point_<float>
          ]
  c:\program files (x86)\microsoft visual studio 14.0\vc\include\xmemory0(773): note: see reference to function template instantiation 'void std::allocator<_Ty>::construct<_Objty,double,double>(_Objty *,double &&,double &&)' being compiled
          with
          [
              _Ty=cv::Point2f,
              _Objty=cv::Point_<float>
          ]
  c:\program files (x86)\microsoft visual studio 14.0\vc\include\xmemory0(918): note: see reference to function template instantiation 'void std::allocator_traits<_Alloc>::construct<_Ty,double,double>(std::allocator<_Ty> &,_Objty *,double &&,double &&)' being compiled
          with
          [
              _Alloc=std::allocator<cv::Point2f>,
              _Ty=cv::Point_<float>,
              _Objty=cv::Point_<float>
          ]
  c:\program files (x86)\microsoft visual studio 14.0\vc\include\xmemory0(917): note: see reference to function template instantiation 'void std::allocator_traits<_Alloc>::construct<_Ty,double,double>(std::allocator<_Ty> &,_Objty *,double &&,double &&)' being compiled
          with
          [
              _Alloc=std::allocator<cv::Point2f>,
              _Ty=cv::Point_<float>,
              _Objty=cv::Point_<float>
          ]
  c:\program files (x86)\microsoft visual studio 14.0\vc\include\vector(929): note: see reference to function template instantiation 'void std::_Wrap_alloc<std::allocator<_Ty>>::construct<cv::Point_<float>,double,double>(_Ty *,double &&,double &&)' being compiled
          with
          [
              _Ty=cv::Point2f
          ]
  c:\program files (x86)\microsoft visual studio 14.0\vc\include\vector(928): note: see reference to function template instantiation 'void std::_Wrap_alloc<std::allocator<_Ty>>::construct<cv::Point_<float>,double,double>(_Ty *,double &&,double &&)' being compiled
          with
          [
              _Ty=cv::Point2f
          ]
  c:\git\niswgsp\stitch_nis\stitch_nis\mesh\meshgrid.cpp(23): note: see reference to function template instantiation 'void std::vector<cv::Point2f,std::allocator<_Ty>>::emplace_back<double,double>(double &&,double &&)' being compiled
          with
          [
              _Ty=cv::Point2f
          ]
  c:\git\niswgsp\stitch_nis\stitch_nis\mesh\meshgrid.cpp(23): note: see reference to function template instantiation 'void std::vector<cv::Point2f,std::allocator<_Ty>>::emplace_back<double,double>(double &&,double &&)' being compiled
          with
          [
              _Ty=cv::Point2f
          ]
  Mesh2D.cpp
c:\git\niswgsp\stitch_nis\stitch_nis\mesh\mesh2d.cpp(39): warning C4244: 'argument': conversion from 'double' to 'int', possible loss of data
  c:\git\niswgsp\stitch_nis\stitch_nis\mesh\mesh2d.cpp(45): note: see reference to function template instantiation 'int Mesh2D::getGridIndexOfPoint<float>(const cv::Point_<float> &) const' being compiled
  MultiImages.cpp
c:\git\niswgsp\stitch_nis\stitch_nis\feature\multiimages.cpp(323): warning C4267: '+=': conversion from 'size_t' to 'int', possible loss of data
c:\git\niswgsp\stitch_nis\stitch_nis\feature\multiimages.cpp(455): warning C4244: '=': conversion from 'const double' to 'FLOAT_TYPE', possible loss of data
c:\git\niswgsp\stitch_nis\stitch_nis\feature\multiimages.cpp(583): warning C4244: 'argument': conversion from 'const int' to 'float', possible loss of data
c:\git\niswgsp\stitch_nis\stitch_nis\feature\multiimages.cpp(584): warning C4244: 'argument': conversion from 'const int' to 'float', possible loss of data
c:\git\niswgsp\stitch_nis\stitch_nis\feature\multiimages.cpp(585): warning C4244: 'argument': conversion from 'const int' to 'float', possible loss of data
c:\git\niswgsp\stitch_nis\stitch_nis\feature\multiimages.cpp(586): warning C4244: 'argument': conversion from 'const int' to 'float', possible loss of data
c:\git\niswgsp\stitch_nis\stitch_nis\feature\multiimages.cpp(638): warning C4244: 'argument': conversion from 'double' to 'float', possible loss of data
c:\git\niswgsp\stitch_nis\stitch_nis\feature\multiimages.cpp(640): warning C4244: '=': conversion from 'double' to 'float', possible loss of data
c:\git\niswgsp\stitch_nis\stitch_nis\feature\multiimages.cpp(809): warning C4244: 'initializing': conversion from 'double' to 'int', possible loss of data
c:\git\niswgsp\stitch_nis\stitch_nis\feature\multiimages.cpp(809): warning C4244: 'initializing': conversion from 'double' to 'const int', possible loss of data
c:\git\niswgsp\stitch_nis\stitch_nis\feature\multiimages.cpp(823): warning C4244: 'initializing': conversion from 'double' to 'int', possible loss of data
c:\git\niswgsp\stitch_nis\stitch_nis\feature\multiimages.cpp(823): warning C4244: 'initializing': conversion from 'double' to 'const int', possible loss of data
c:\git\niswgsp\stitch_nis\stitch_nis\feature\multiimages.cpp(987): warning C4244: 'initializing': conversion from 'double' to 'int', possible loss of data
c:\git\niswgsp\stitch_nis\stitch_nis\feature\multiimages.cpp(987): warning C4244: 'initializing': conversion from 'double' to 'const int', possible loss of data
c:\git\niswgsp\stitch_nis\stitch_nis\feature\multiimages.cpp(996): warning C4244: 'argument': conversion from 'float' to 'int', possible loss of data
c:\git\niswgsp\stitch_nis\stitch_nis\feature\multiimages.cpp(1021): warning C4244: 'argument': conversion from 'float' to 'int', possible loss of data
c:\git\niswgsp\stitch_nis\stitch_nis\feature\multiimages.cpp(1028): warning C4244: 'argument': conversion from 'int' to 'FLOAT_TYPE', possible loss of data
c:\program files (x86)\microsoft visual studio 14.0\vc\include\xmemory0(655): warning C4244: 'argument': conversion from 'int' to 'float', possible loss of data
  c:\program files (x86)\microsoft visual studio 14.0\vc\include\xmemory0(773): note: see reference to function template instantiation 'void std::allocator<_Ty>::construct<_Objty,const cv::Point_<float>&,int>(_Objty *,const cv::Point_<float> &,int &&)' being compiled
          with
          [
              _Ty=cv::KeyPoint,
              _Objty=cv::KeyPoint
          ]
  c:\program files (x86)\microsoft visual studio 14.0\vc\include\xmemory0(773): note: see reference to function template instantiation 'void std::allocator<_Ty>::construct<_Objty,const cv::Point_<float>&,int>(_Objty *,const cv::Point_<float> &,int &&)' being compiled
          with
          [
              _Ty=cv::KeyPoint,
              _Objty=cv::KeyPoint
          ]
  c:\program files (x86)\microsoft visual studio 14.0\vc\include\xmemory0(918): note: see reference to function template instantiation 'void std::allocator_traits<_Alloc>::construct<_Ty,const cv::Point_<float>&,int>(std::allocator<_Ty> &,_Objty *,const cv::Point_<float> &,int &&)' being compiled
          with
          [
              _Alloc=std::allocator<cv::KeyPoint>,
              _Ty=cv::KeyPoint,
              _Objty=cv::KeyPoint
          ]
  c:\program files (x86)\microsoft visual studio 14.0\vc\include\xmemory0(917): note: see reference to function template instantiation 'void std::allocator_traits<_Alloc>::construct<_Ty,const cv::Point_<float>&,int>(std::allocator<_Ty> &,_Objty *,const cv::Point_<float> &,int &&)' being compiled
          with
          [
              _Alloc=std::allocator<cv::KeyPoint>,
              _Ty=cv::KeyPoint,
              _Objty=cv::KeyPoint
          ]
  c:\program files (x86)\microsoft visual studio 14.0\vc\include\vector(929): note: see reference to function template instantiation 'void std::_Wrap_alloc<std::allocator<_Ty>>::construct<cv::KeyPoint,const cv::Point_<float>&,int>(_Ty *,const cv::Point_<float> &,int &&)' being compiled
          with
          [
              _Ty=cv::KeyPoint
          ]
  c:\program files (x86)\microsoft visual studio 14.0\vc\include\vector(928): note: see reference to function template instantiation 'void std::_Wrap_alloc<std::allocator<_Ty>>::construct<cv::KeyPoint,const cv::Point_<float>&,int>(_Ty *,const cv::Point_<float> &,int &&)' being compiled
          with
          [
              _Ty=cv::KeyPoint
          ]
  c:\git\niswgsp\stitch_nis\stitch_nis\feature\multiimages.cpp(42): note: see reference to function template instantiation 'void std::vector<cv::KeyPoint,std::allocator<_Ty>>::emplace_back<const cv::Point_<float>&,int>(const cv::Point_<float> &,int &&)' being compiled
          with
          [
              _Ty=cv::KeyPoint
          ]
  c:\git\niswgsp\stitch_nis\stitch_nis\feature\multiimages.cpp(42): note: see reference to function template instantiation 'void std::vector<cv::KeyPoint,std::allocator<_Ty>>::emplace_back<const cv::Point_<float>&,int>(const cv::Point_<float> &,int &&)' being compiled
          with
          [
              _Ty=cv::KeyPoint
          ]
c:\program files (x86)\microsoft visual studio 14.0\vc\include\xmemory0(655): warning C4267: 'argument': conversion from 'size_t' to 'int', possible loss of data
  ImageData.cpp
c:\git\niswgsp\stitch_nis\stitch_nis\feature\imagedata.cpp(60): warning C4244: 'initializing': conversion from 'int' to 'float', possible loss of data
  FeatureController.cpp
c:\git\niswgsp\stitch_nis\stitch_nis\feature\featurecontroller.cpp(62): warning C4244: 'argument': conversion from 'double' to 'int', possible loss of data
  Generating Code...
  Stitch_nis.vcxproj -> C:\git\NISwGSP\Stitch_nis\x64\Debug\Stitch_nis.exe
